2023-06-04 03:20:27,009 - INFO - 동대문역 22개 추출
2023-06-04 03:20:27,264 - INFO - 동대문역사문화공원역 18개 추출
2023-06-04 03:20:27,507 - INFO - 신당역 9개 추출
2023-06-04 03:20:27,754 - INFO - 시청역 45개 추출
2023-06-04 03:20:27,970 - INFO - 종각역 52개 추출
2023-06-04 03:20:28,215 - INFO - 을지로3가역 36개 추출
2023-06-04 03:20:28,451 - INFO - 을지로입구역 53개 추출
2023-06-04 03:20:28,682 - INFO - 명동역 35개 추출
2023-06-04 03:20:28,920 - INFO - 회현역 38개 추출
2023-06-04 03:20:29,239 - INFO - 광화문역 49개 추출
2023-06-04 03:20:29,476 - INFO - 녹사평역 7개 추출
2023-06-04 03:20:29,722 - INFO - 이태원역 10개 추출
2023-06-04 03:20:30,049 - INFO - 한강진역 4개 추출
2023-06-04 03:20:30,290 - INFO - 잠실역 10개 추출
2023-06-04 03:20:30,542 - INFO - 올림픽공원역 5개 추출
2023-06-04 03:20:30,790 - INFO - 몽촌토성역 5개 추출
2023-06-04 03:20:31,029 - INFO - 동묘앞역 19개 추출
2023-06-04 03:20:31,264 - INFO - 종로3가역 44개 추출
2023-06-04 03:20:31,502 - INFO - 종로5가역 22개 추출
2023-06-04 03:20:31,748 - INFO - 합정역 11개 추출
2023-06-04 03:20:31,985 - INFO - 홍대입구역 12개 추출
2023-06-04 03:20:32,219 - INFO - 망원역 4개 추출
2023-06-04 03:20:32,466 - INFO - 상수역 8개 추출
2023-06-04 03:20:32,715 - INFO - 경복궁역 41개 추출
2023-06-04 03:20:32,942 - INFO - 안국역 57개 추출
2023-06-04 03:20:33,151 - INFO - 가산디지털단지역 3개 추출
2023-06-04 03:20:33,382 - INFO - 강남역 5개 추출
2023-06-04 03:20:33,613 - INFO - 건대입구역 3개 추출
2023-06-04 03:20:33,856 - INFO - 고속터미널역
2023-06-04 03:20:33,856 - INFO - string indices must be integers
2023-06-04 03:20:34,059 - INFO - 교대역 1개 추출
2023-06-04 03:20:34,313 - INFO - 구로디지털단지역 4개 추출
2023-06-04 03:20:34,559 - INFO - 서울역 18개 추출
2023-06-04 03:20:34,922 - INFO - 선릉역 3개 추출
2023-06-04 03:20:35,164 - INFO - 신도림역 6개 추출
2023-06-04 03:20:35,398 - INFO - 신림역 1개 추출
2023-06-04 03:20:35,653 - INFO - 신촌역 7개 추출
2023-06-04 03:20:35,904 - INFO - 이대역 4개 추출
2023-06-04 03:20:36,149 - INFO - 역삼역 7개 추출
2023-06-04 03:20:36,387 - INFO - 연신내역
2023-06-04 03:20:36,387 - INFO - string indices must be integers
2023-06-04 03:20:36,612 - INFO - 신용산역 9개 추출
2023-06-04 03:20:36,824 - INFO - 왕십리역 2개 추출
2023-06-04 03:20:37,061 - INFO - 한양대역 5개 추출
2023-06-04 03:20:37,278 - INFO - 마장역 4개 추출
2023-06-04 03:20:37,478 - INFO - 디지털미디어시티역 5개 추출
2023-06-04 03:20:37,698 - INFO - 창동역
2023-06-04 03:20:37,699 - INFO - string indices must be integers
2023-06-04 03:20:37,916 - INFO - 노원역
2023-06-04 03:20:37,916 - INFO - string indices must be integers
2023-06-04 03:20:38,148 - INFO - 신사역 10개 추출
2023-06-04 03:20:38,391 - INFO - 압구정역 13개 추출
2023-06-04 03:20:38,632 - INFO - 뚝섬역 9개 추출
2023-06-04 03:20:38,866 - INFO - 성수역 8개 추출
2023-06-04 03:20:39,066 - INFO - 수유역 1개 추출
2023-06-04 03:20:39,283 - INFO - 쌍문역
2023-06-04 03:20:39,283 - INFO - string indices must be integers
2023-06-04 03:20:39,501 - INFO - 신길역 6개 추출
2023-06-04 03:20:39,740 - INFO - 여의도역 8개 추출
2023-06-04 03:20:39,974 - INFO - 여의나루역 8개 추출
2023-06-04 03:20:40,192 - INFO - 이촌역 6개 추출
2023-06-04 03:20:40,429 - INFO - 동대입구역 13개 추출
2023-06-04 03:20:40,665 - INFO - 충무로역 30개 추출
2023-06-04 03:20:40,906 - INFO - 뚝섬유원지역 6개 추출
2023-06-04 03:20:41,137 - INFO - 마포구청역 5개 추출
2023-06-04 03:20:41,372 - INFO - 월드컵경기장역 5개 추출
2023-06-04 03:20:41,605 - INFO - 종합운동장역 5개 추출
2023-06-04 03:20:41,850 - INFO - 잠실나루역 5개 추출
2023-06-04 03:20:42,071 - INFO - 미아역 1개 추출
2023-06-04 03:20:42,291 - INFO - 미아사거리역
2023-06-04 03:20:42,291 - INFO - string indices must be integers
2023-06-04 03:20:42,526 - INFO - 삼성역 6개 추출
2023-06-04 03:20:42,781 - INFO - 반포역 1개 추출
2023-06-04 03:20:43,051 - INFO - 혜화역 18개 추출
2023-06-04 03:20:43,198 - INFO - 동대문역 9개 추출
2023-06-04 03:20:43,341 - INFO - 동대문역사문화공원역 8개 추출
2023-06-04 03:20:43,495 - INFO - 신당역 4개 추출
2023-06-04 03:20:43,665 - INFO - 시청역 37개 추출
2023-06-04 03:20:43,813 - INFO - 종각역 62개 추출
2023-06-04 03:20:43,972 - INFO - 을지로3가역 32개 추출
2023-06-04 03:20:44,130 - INFO - 을지로입구역 54개 추출
2023-06-04 03:20:44,278 - INFO - 명동역 20개 추출
2023-06-04 03:20:44,427 - INFO - 회현역 24개 추출
2023-06-04 03:20:44,588 - INFO - 광화문역 76개 추출
2023-06-04 03:20:44,730 - INFO - 녹사평역 3개 추출
2023-06-04 03:20:44,869 - INFO - 이태원역 7개 추출
2023-06-04 03:20:45,024 - INFO - 한강진역 12개 추출
2023-06-04 03:20:45,167 - INFO - 잠실역 6개 추출
2023-06-04 03:20:45,311 - INFO - 올림픽공원역 5개 추출
2023-06-04 03:20:45,443 - INFO - 몽촌토성역 4개 추출
2023-06-04 03:20:45,581 - INFO - 동묘앞역 5개 추출
2023-06-04 03:20:45,722 - INFO - 종로3가역 46개 추출
2023-06-04 03:20:45,863 - INFO - 종로5가역 13개 추출
2023-06-04 03:20:46,018 - INFO - 합정역 11개 추출
2023-06-04 03:20:46,152 - INFO - 홍대입구역 17개 추출
2023-06-04 03:20:46,311 - INFO - 망원역 1개 추출
2023-06-04 03:20:46,463 - INFO - 상수역 13개 추출
2023-06-04 03:20:46,632 - INFO - 경복궁역 57개 추출
2023-06-04 03:20:46,931 - INFO - 안국역 73개 추출
2023-06-04 03:20:47,067 - INFO - 가산디지털단지역
2023-06-04 03:20:47,067 - INFO - string indices must be integers
2023-06-04 03:20:47,211 - INFO - 강남역 9개 추출
2023-06-04 03:20:47,347 - INFO - 건대입구역 7개 추출
2023-06-04 03:20:47,502 - INFO - 고속터미널역 5개 추출
2023-06-04 03:20:47,654 - INFO - 교대역 4개 추출
2023-06-04 03:20:47,787 - INFO - 구로디지털단지역
2023-06-04 03:20:47,787 - INFO - string indices must be integers
2023-06-04 03:20:48,010 - INFO - 서울역 14개 추출
2023-06-04 03:20:48,144 - INFO - 선릉역 6개 추출
2023-06-04 03:20:48,277 - INFO - 신도림역
2023-06-04 03:20:48,278 - INFO - string indices must be integers
2023-06-04 03:20:48,419 - INFO - 신림역
2023-06-04 03:20:48,419 - INFO - string indices must be integers
2023-06-04 03:20:48,608 - INFO - 신촌역 12개 추출
2023-06-04 03:20:48,755 - INFO - 이대역 8개 추출
2023-06-04 03:20:48,886 - INFO - 역삼역 9개 추출
2023-06-04 03:20:49,010 - INFO - 연신내역
2023-06-04 03:20:49,010 - INFO - string indices must be integers
2023-06-04 03:20:49,132 - INFO - 신용산역 2개 추출
2023-06-04 03:20:49,278 - INFO - 왕십리역 2개 추출
2023-06-04 03:20:49,431 - INFO - 한양대역 2개 추출
2023-06-04 03:20:49,575 - INFO - 마장역 2개 추출
2023-06-04 03:20:49,701 - INFO - 디지털미디어시티역 1개 추출
2023-06-04 03:20:49,845 - INFO - 창동역 1개 추출
2023-06-04 03:20:50,056 - INFO - 노원역
2023-06-04 03:20:50,056 - INFO - string indices must be integers
2023-06-04 03:20:50,193 - INFO - 신사역 6개 추출
2023-06-04 03:20:50,352 - INFO - 압구정역 15개 추출
2023-06-04 03:20:50,472 - INFO - 뚝섬역 7개 추출
2023-06-04 03:20:50,623 - INFO - 성수역 6개 추출
2023-06-04 03:20:50,752 - INFO - 수유역
2023-06-04 03:20:50,752 - INFO - string indices must be integers
2023-06-04 03:20:50,888 - INFO - 쌍문역 2개 추출
2023-06-04 03:20:51,034 - INFO - 신길역 2개 추출
2023-06-04 03:20:51,177 - INFO - 여의도역 3개 추출
2023-06-04 03:20:51,328 - INFO - 여의나루역 2개 추출
2023-06-04 03:20:51,467 - INFO - 이촌역 5개 추출
2023-06-04 03:20:51,607 - INFO - 동대입구역 7개 추출
2023-06-04 03:20:51,766 - INFO - 충무로역 15개 추출
2023-06-04 03:20:51,900 - INFO - 뚝섬유원지역 2개 추출
2023-06-04 03:20:52,037 - INFO - 마포구청역 1개 추출
2023-06-04 03:20:52,208 - INFO - 월드컵경기장역 2개 추출
2023-06-04 03:20:52,341 - INFO - 종합운동장역 2개 추출
2023-06-04 03:20:52,477 - INFO - 잠실나루역 2개 추출
2023-06-04 03:20:52,596 - INFO - 미아역
2023-06-04 03:20:52,597 - INFO - string indices must be integers
2023-06-04 03:20:52,709 - INFO - 미아사거리역
2023-06-04 03:20:52,709 - INFO - string indices must be integers
2023-06-04 03:20:52,859 - INFO - 삼성역 11개 추출
2023-06-04 03:20:52,983 - INFO - 반포역 4개 추출
2023-06-04 03:20:53,107 - INFO - 혜화역 19개 추출
2023-06-04 03:22:55,258 - INFO - 동대문역 22개 추출
2023-06-04 03:22:55,489 - INFO - 동대문역사문화공원역 18개 추출
2023-06-04 03:22:55,733 - INFO - 신당역 9개 추출
2023-06-04 03:22:55,982 - INFO - 시청역 45개 추출
2023-06-04 03:22:56,236 - INFO - 종각역 52개 추출
2023-06-04 03:22:56,467 - INFO - 을지로3가역 36개 추출
2023-06-04 03:22:56,690 - INFO - 을지로입구역 53개 추출
2023-06-04 03:22:56,925 - INFO - 명동역 35개 추출
2023-06-04 03:22:57,151 - INFO - 회현역 38개 추출
2023-06-04 03:22:57,392 - INFO - 광화문역 49개 추출
2023-06-04 03:22:57,616 - INFO - 녹사평역 7개 추출
2023-06-04 03:22:57,845 - INFO - 이태원역 10개 추출
2023-06-04 03:22:58,071 - INFO - 한강진역 4개 추출
2023-06-04 03:22:58,306 - INFO - 잠실역 10개 추출
2023-06-04 03:22:58,533 - INFO - 올림픽공원역 5개 추출
2023-06-04 03:22:58,782 - INFO - 몽촌토성역 5개 추출
2023-06-04 03:22:59,007 - INFO - 동묘앞역 19개 추출
2023-06-04 03:22:59,278 - INFO - 종로3가역 44개 추출
2023-06-04 03:22:59,507 - INFO - 종로5가역 22개 추출
2023-06-04 03:22:59,742 - INFO - 합정역 11개 추출
2023-06-04 03:22:59,952 - INFO - 홍대입구역 12개 추출
2023-06-04 03:23:00,180 - INFO - 망원역 4개 추출
2023-06-04 03:23:00,435 - INFO - 상수역 8개 추출
2023-06-04 03:23:00,683 - INFO - 경복궁역 41개 추출
2023-06-04 03:23:00,921 - INFO - 안국역 57개 추출
2023-06-04 03:23:01,157 - INFO - 가산디지털단지역 3개 추출
2023-06-04 03:23:01,418 - INFO - 강남역 5개 추출
2023-06-04 03:23:01,638 - INFO - 건대입구역 3개 추출
2023-06-04 03:23:02,118 - INFO - 고속터미널역
2023-06-04 03:23:02,119 - INFO - string indices must be integers
2023-06-04 03:23:02,343 - INFO - 교대역 1개 추출
2023-06-04 03:23:02,613 - INFO - 구로디지털단지역 4개 추출
2023-06-04 03:23:02,858 - INFO - 서울역 18개 추출
2023-06-04 03:23:03,076 - INFO - 선릉역 3개 추출
2023-06-04 03:23:03,301 - INFO - 신도림역 6개 추출
2023-06-04 03:23:03,516 - INFO - 신림역 1개 추출
2023-06-04 03:23:03,726 - INFO - 신촌역 7개 추출
2023-06-04 03:23:03,934 - INFO - 이대역 4개 추출
2023-06-04 03:23:04,146 - INFO - 역삼역 7개 추출
2023-06-04 03:23:04,356 - INFO - 연신내역
2023-06-04 03:23:04,357 - INFO - string indices must be integers
2023-06-04 03:23:04,593 - INFO - 신용산역 9개 추출
2023-06-04 03:23:04,831 - INFO - 왕십리역 2개 추출
2023-06-04 03:23:05,092 - INFO - 한양대역 5개 추출
2023-06-04 03:23:05,331 - INFO - 마장역 4개 추출
2023-06-04 03:23:05,617 - INFO - 디지털미디어시티역 5개 추출
2023-06-04 03:23:05,847 - INFO - 창동역
2023-06-04 03:23:05,847 - INFO - string indices must be integers
2023-06-04 03:23:06,072 - INFO - 노원역
2023-06-04 03:23:06,073 - INFO - string indices must be integers
2023-06-04 03:23:06,384 - INFO - 신사역 10개 추출
2023-06-04 03:23:06,626 - INFO - 압구정역 13개 추출
2023-06-04 03:23:06,861 - INFO - 뚝섬역 9개 추출
2023-06-04 03:23:07,098 - INFO - 성수역 8개 추출
2023-06-04 03:23:07,317 - INFO - 수유역 1개 추출
2023-06-04 03:23:07,549 - INFO - 쌍문역
2023-06-04 03:23:07,549 - INFO - string indices must be integers
2023-06-04 03:23:07,795 - INFO - 신길역 6개 추출
2023-06-04 03:23:08,039 - INFO - 여의도역 8개 추출
2023-06-04 03:23:08,253 - INFO - 여의나루역 8개 추출
2023-06-04 03:23:08,491 - INFO - 이촌역 6개 추출
2023-06-04 03:23:08,740 - INFO - 동대입구역 13개 추출
2023-06-04 03:23:09,010 - INFO - 충무로역 30개 추출
2023-06-04 03:23:09,255 - INFO - 뚝섬유원지역 6개 추출
2023-06-04 03:23:09,477 - INFO - 마포구청역 5개 추출
2023-06-04 03:23:09,715 - INFO - 월드컵경기장역 5개 추출
2023-06-04 03:23:09,957 - INFO - 종합운동장역 5개 추출
2023-06-04 03:23:10,213 - INFO - 잠실나루역 5개 추출
2023-06-04 03:23:10,433 - INFO - 미아역 1개 추출
2023-06-04 03:23:10,652 - INFO - 미아사거리역
2023-06-04 03:23:10,652 - INFO - string indices must be integers
2023-06-04 03:23:10,890 - INFO - 삼성역 6개 추출
2023-06-04 03:23:11,129 - INFO - 반포역 1개 추출
2023-06-04 03:23:11,359 - INFO - 혜화역 18개 추출
2023-06-04 03:23:11,509 - INFO - 동대문역 9개 추출
2023-06-04 03:23:11,642 - INFO - 동대문역사문화공원역 8개 추출
2023-06-04 03:23:11,792 - INFO - 신당역 4개 추출
2023-06-04 03:23:11,969 - INFO - 시청역 37개 추출
2023-06-04 03:23:12,134 - INFO - 종각역 62개 추출
2023-06-04 03:23:12,324 - INFO - 을지로3가역 32개 추출
2023-06-04 03:23:12,489 - INFO - 을지로입구역 54개 추출
2023-06-04 03:23:12,659 - INFO - 명동역 20개 추출
2023-06-04 03:23:12,802 - INFO - 회현역 24개 추출
2023-06-04 03:23:12,934 - INFO - 광화문역 76개 추출
2023-06-04 03:23:13,077 - INFO - 녹사평역 3개 추출
2023-06-04 03:23:13,199 - INFO - 이태원역 7개 추출
2023-06-04 03:23:13,347 - INFO - 한강진역 12개 추출
2023-06-04 03:23:13,472 - INFO - 잠실역 6개 추출
2023-06-04 03:23:13,604 - INFO - 올림픽공원역 5개 추출
2023-06-04 03:23:13,750 - INFO - 몽촌토성역 4개 추출
2023-06-04 03:23:13,886 - INFO - 동묘앞역 5개 추출
2023-06-04 03:23:14,040 - INFO - 종로3가역 46개 추출
2023-06-04 03:23:14,184 - INFO - 종로5가역 13개 추출
2023-06-04 03:23:14,325 - INFO - 합정역 11개 추출
2023-06-04 03:23:14,462 - INFO - 홍대입구역 17개 추출
2023-06-04 03:23:14,581 - INFO - 망원역 1개 추출
2023-06-04 03:23:14,747 - INFO - 상수역 13개 추출
2023-06-04 03:23:14,916 - INFO - 경복궁역 57개 추출
2023-06-04 03:23:15,089 - INFO - 안국역 73개 추출
2023-06-04 03:23:15,236 - INFO - 가산디지털단지역
2023-06-04 03:23:15,236 - INFO - string indices must be integers
2023-06-04 03:23:15,384 - INFO - 강남역 9개 추출
2023-06-04 03:23:15,543 - INFO - 건대입구역 7개 추출
2023-06-04 03:23:15,683 - INFO - 고속터미널역 5개 추출
2023-06-04 03:23:15,809 - INFO - 교대역 4개 추출
2023-06-04 03:23:15,948 - INFO - 구로디지털단지역
2023-06-04 03:23:15,948 - INFO - string indices must be integers
2023-06-04 03:23:16,096 - INFO - 서울역 14개 추출
2023-06-04 03:23:16,238 - INFO - 선릉역 6개 추출
2023-06-04 03:23:16,376 - INFO - 신도림역
2023-06-04 03:23:16,376 - INFO - string indices must be integers
2023-06-04 03:23:16,514 - INFO - 신림역
2023-06-04 03:23:16,515 - INFO - string indices must be integers
2023-06-04 03:23:16,651 - INFO - 신촌역 12개 추출
2023-06-04 03:23:16,789 - INFO - 이대역 8개 추출
2023-06-04 03:23:17,006 - INFO - 역삼역 9개 추출
2023-06-04 03:23:17,140 - INFO - 연신내역
2023-06-04 03:23:17,140 - INFO - string indices must be integers
2023-06-04 03:23:17,290 - INFO - 신용산역 2개 추출
2023-06-04 03:23:17,437 - INFO - 왕십리역 2개 추출
2023-06-04 03:23:17,578 - INFO - 한양대역 2개 추출
2023-06-04 03:23:17,756 - INFO - 마장역 2개 추출
2023-06-04 03:23:17,908 - INFO - 디지털미디어시티역 1개 추출
2023-06-04 03:23:18,025 - INFO - 창동역 1개 추출
2023-06-04 03:23:18,155 - INFO - 노원역
2023-06-04 03:23:18,156 - INFO - string indices must be integers
2023-06-04 03:23:18,304 - INFO - 신사역 6개 추출
2023-06-04 03:23:18,457 - INFO - 압구정역 15개 추출
2023-06-04 03:23:18,596 - INFO - 뚝섬역 7개 추출
2023-06-04 03:23:18,716 - INFO - 성수역 6개 추출
2023-06-04 03:23:18,840 - INFO - 수유역
2023-06-04 03:23:18,840 - INFO - string indices must be integers
2023-06-04 03:23:18,986 - INFO - 쌍문역 2개 추출
2023-06-04 03:23:19,141 - INFO - 신길역 2개 추출
2023-06-04 03:23:19,279 - INFO - 여의도역 3개 추출
2023-06-04 03:23:19,406 - INFO - 여의나루역 2개 추출
2023-06-04 03:23:19,547 - INFO - 이촌역 5개 추출
2023-06-04 03:23:19,701 - INFO - 동대입구역 7개 추출
2023-06-04 03:23:19,851 - INFO - 충무로역 15개 추출
2023-06-04 03:23:20,002 - INFO - 뚝섬유원지역 2개 추출
2023-06-04 03:23:20,139 - INFO - 마포구청역 1개 추출
2023-06-04 03:23:20,270 - INFO - 월드컵경기장역 2개 추출
2023-06-04 03:23:20,413 - INFO - 종합운동장역 2개 추출
2023-06-04 03:23:20,551 - INFO - 잠실나루역 2개 추출
2023-06-04 03:23:20,697 - INFO - 미아역
2023-06-04 03:23:20,697 - INFO - string indices must be integers
2023-06-04 03:23:20,857 - INFO - 미아사거리역
2023-06-04 03:23:20,858 - INFO - string indices must be integers
2023-06-04 03:23:20,999 - INFO - 삼성역 11개 추출
2023-06-04 03:23:21,167 - INFO - 반포역 4개 추출
2023-06-04 03:23:21,295 - INFO - 혜화역 19개 추출
2023-06-04 03:23:52,625 - INFO - 동대문역 22개 추출
2023-06-04 03:23:52,903 - INFO - 동대문역사문화공원역 18개 추출
2023-06-04 03:23:53,132 - INFO - 신당역 9개 추출
2023-06-04 03:23:53,377 - INFO - 시청역 45개 추출
2023-06-04 03:23:53,619 - INFO - 종각역 52개 추출
2023-06-04 03:23:53,836 - INFO - 을지로3가역 36개 추출
2023-06-04 03:23:54,129 - INFO - 을지로입구역 53개 추출
2023-06-04 03:23:54,354 - INFO - 명동역 35개 추출
2023-06-04 03:23:54,583 - INFO - 회현역 38개 추출
2023-06-04 03:23:54,827 - INFO - 광화문역 49개 추출
2023-06-04 03:23:55,078 - INFO - 녹사평역 7개 추출
2023-06-04 03:23:55,305 - INFO - 이태원역 10개 추출
2023-06-04 03:23:55,513 - INFO - 한강진역 4개 추출
2023-06-04 03:23:55,721 - INFO - 잠실역 10개 추출
2023-06-04 03:23:55,980 - INFO - 올림픽공원역 5개 추출
2023-06-04 03:23:56,211 - INFO - 몽촌토성역 5개 추출
2023-06-04 03:23:56,496 - INFO - 동묘앞역 19개 추출
2023-06-04 03:23:56,756 - INFO - 종로3가역 44개 추출
2023-06-04 03:23:56,977 - INFO - 종로5가역 22개 추출
2023-06-04 03:23:57,213 - INFO - 합정역 11개 추출
2023-06-04 03:23:57,415 - INFO - 홍대입구역 12개 추출
2023-06-04 03:23:57,650 - INFO - 망원역 4개 추출
2023-06-04 03:23:57,876 - INFO - 상수역 8개 추출
2023-06-04 03:23:58,109 - INFO - 경복궁역 41개 추출
2023-06-04 03:23:58,323 - INFO - 안국역 57개 추출
2023-06-04 03:23:58,535 - INFO - 가산디지털단지역 3개 추출
2023-06-04 03:23:58,774 - INFO - 강남역 5개 추출
2023-06-04 03:23:59,015 - INFO - 건대입구역 3개 추출
2023-06-04 03:23:59,242 - INFO - 고속터미널역
2023-06-04 03:23:59,242 - INFO - string indices must be integers
2023-06-04 03:23:59,446 - INFO - 교대역 1개 추출
2023-06-04 03:23:59,671 - INFO - 구로디지털단지역 4개 추출
2023-06-04 03:23:59,899 - INFO - 서울역 18개 추출
2023-06-04 03:24:00,137 - INFO - 선릉역 3개 추출
2023-06-04 03:24:00,384 - INFO - 신도림역 6개 추출
2023-06-04 03:24:00,626 - INFO - 신림역 1개 추출
2023-06-04 03:24:00,868 - INFO - 신촌역 7개 추출
2023-06-04 03:24:01,110 - INFO - 이대역 4개 추출
2023-06-04 03:24:01,337 - INFO - 역삼역 7개 추출
2023-06-04 03:24:01,562 - INFO - 연신내역
2023-06-04 03:24:01,562 - INFO - string indices must be integers
2023-06-04 03:24:01,823 - INFO - 신용산역 9개 추출
2023-06-04 03:24:02,080 - INFO - 왕십리역 2개 추출
2023-06-04 03:24:02,295 - INFO - 한양대역 5개 추출
2023-06-04 03:24:02,517 - INFO - 마장역 4개 추출
2023-06-04 03:24:02,765 - INFO - 디지털미디어시티역 5개 추출
2023-06-04 03:24:02,968 - INFO - 창동역
2023-06-04 03:24:02,969 - INFO - string indices must be integers
2023-06-04 03:24:03,188 - INFO - 노원역
2023-06-04 03:24:03,188 - INFO - string indices must be integers
2023-06-04 03:24:03,403 - INFO - 신사역 10개 추출
2023-06-04 03:24:03,616 - INFO - 압구정역 13개 추출
2023-06-04 03:24:03,843 - INFO - 뚝섬역 9개 추출
2023-06-04 03:24:04,057 - INFO - 성수역 8개 추출
2023-06-04 03:24:04,277 - INFO - 수유역 1개 추출
2023-06-04 03:24:04,499 - INFO - 쌍문역
2023-06-04 03:24:04,500 - INFO - string indices must be integers
2023-06-04 03:24:04,740 - INFO - 신길역 6개 추출
2023-06-04 03:24:04,968 - INFO - 여의도역 8개 추출
2023-06-04 03:24:05,236 - INFO - 여의나루역 8개 추출
2023-06-04 03:24:05,503 - INFO - 이촌역 6개 추출
2023-06-04 03:24:05,743 - INFO - 동대입구역 13개 추출
2023-06-04 03:24:05,998 - INFO - 충무로역 30개 추출
2023-06-04 03:24:06,227 - INFO - 뚝섬유원지역 6개 추출
2023-06-04 03:24:06,469 - INFO - 마포구청역 5개 추출
2023-06-04 03:24:06,705 - INFO - 월드컵경기장역 5개 추출
2023-06-04 03:24:06,934 - INFO - 종합운동장역 5개 추출
2023-06-04 03:24:07,182 - INFO - 잠실나루역 5개 추출
2023-06-04 03:24:07,409 - INFO - 미아역 1개 추출
2023-06-04 03:24:07,702 - INFO - 미아사거리역
2023-06-04 03:24:07,702 - INFO - string indices must be integers
2023-06-04 03:24:07,905 - INFO - 삼성역 6개 추출
2023-06-04 03:24:08,111 - INFO - 반포역 1개 추출
2023-06-04 03:24:08,344 - INFO - 혜화역 18개 추출
2023-06-04 03:24:08,519 - INFO - 동대문역 9개 추출
2023-06-04 03:24:08,673 - INFO - 동대문역사문화공원역 8개 추출
2023-06-04 03:24:08,818 - INFO - 신당역 4개 추출
2023-06-04 03:24:08,956 - INFO - 시청역 37개 추출
2023-06-04 03:24:09,112 - INFO - 종각역 62개 추출
2023-06-04 03:24:09,266 - INFO - 을지로3가역 32개 추출
2023-06-04 03:24:09,441 - INFO - 을지로입구역 54개 추출
2023-06-04 03:24:09,583 - INFO - 명동역 20개 추출
2023-06-04 03:24:09,742 - INFO - 회현역 24개 추출
2023-06-04 03:24:09,889 - INFO - 광화문역 76개 추출
2023-06-04 03:24:10,029 - INFO - 녹사평역 3개 추출
2023-06-04 03:24:10,164 - INFO - 이태원역 7개 추출
2023-06-04 03:24:10,308 - INFO - 한강진역 12개 추출
2023-06-04 03:24:10,448 - INFO - 잠실역 6개 추출
2023-06-04 03:24:10,590 - INFO - 올림픽공원역 5개 추출
2023-06-04 03:24:10,712 - INFO - 몽촌토성역 4개 추출
2023-06-04 03:24:10,854 - INFO - 동묘앞역 5개 추출
2023-06-04 03:24:11,002 - INFO - 종로3가역 46개 추출
2023-06-04 03:24:11,175 - INFO - 종로5가역 13개 추출
2023-06-04 03:24:11,330 - INFO - 합정역 11개 추출
2023-06-04 03:24:11,489 - INFO - 홍대입구역 17개 추출
2023-06-04 03:24:11,691 - INFO - 망원역 1개 추출
2023-06-04 03:24:11,843 - INFO - 상수역 13개 추출
2023-06-04 03:24:11,995 - INFO - 경복궁역 57개 추출
2023-06-04 03:24:12,152 - INFO - 안국역 73개 추출
2023-06-04 03:24:12,286 - INFO - 가산디지털단지역
2023-06-04 03:24:12,286 - INFO - string indices must be integers
2023-06-04 03:24:12,434 - INFO - 강남역 9개 추출
2023-06-04 03:24:12,551 - INFO - 건대입구역 7개 추출
2023-06-04 03:24:12,733 - INFO - 고속터미널역 5개 추출
2023-06-04 03:24:12,852 - INFO - 교대역 4개 추출
2023-06-04 03:24:12,998 - INFO - 구로디지털단지역
2023-06-04 03:24:12,999 - INFO - string indices must be integers
2023-06-04 03:24:13,126 - INFO - 서울역 14개 추출
2023-06-04 03:24:13,269 - INFO - 선릉역 6개 추출
2023-06-04 03:24:13,383 - INFO - 신도림역
2023-06-04 03:24:13,383 - INFO - string indices must be integers
2023-06-04 03:24:13,530 - INFO - 신림역
2023-06-04 03:24:13,530 - INFO - string indices must be integers
2023-06-04 03:24:13,680 - INFO - 신촌역 12개 추출
2023-06-04 03:24:13,801 - INFO - 이대역 8개 추출
2023-06-04 03:24:13,967 - INFO - 역삼역 9개 추출
2023-06-04 03:24:14,125 - INFO - 연신내역
2023-06-04 03:24:14,125 - INFO - string indices must be integers
2023-06-04 03:24:14,277 - INFO - 신용산역 2개 추출
2023-06-04 03:24:14,432 - INFO - 왕십리역 2개 추출
2023-06-04 03:24:14,591 - INFO - 한양대역 2개 추출
2023-06-04 03:24:14,740 - INFO - 마장역 2개 추출
2023-06-04 03:24:14,887 - INFO - 디지털미디어시티역 1개 추출
2023-06-04 03:24:15,032 - INFO - 창동역 1개 추출
2023-06-04 03:24:15,168 - INFO - 노원역
2023-06-04 03:24:15,168 - INFO - string indices must be integers
2023-06-04 03:24:15,290 - INFO - 신사역 6개 추출
2023-06-04 03:24:15,430 - INFO - 압구정역 15개 추출
2023-06-04 03:24:15,579 - INFO - 뚝섬역 7개 추출
2023-06-04 03:24:15,725 - INFO - 성수역 6개 추출
2023-06-04 03:24:15,871 - INFO - 수유역
2023-06-04 03:24:15,871 - INFO - string indices must be integers
2023-06-04 03:24:15,988 - INFO - 쌍문역 2개 추출
2023-06-04 03:24:16,141 - INFO - 신길역 2개 추출
2023-06-04 03:24:16,282 - INFO - 여의도역 3개 추출
2023-06-04 03:24:16,398 - INFO - 여의나루역 2개 추출
2023-06-04 03:24:16,524 - INFO - 이촌역 5개 추출
2023-06-04 03:24:16,665 - INFO - 동대입구역 7개 추출
2023-06-04 03:24:16,787 - INFO - 충무로역 15개 추출
2023-06-04 03:24:16,922 - INFO - 뚝섬유원지역 2개 추출
2023-06-04 03:24:17,061 - INFO - 마포구청역 1개 추출
2023-06-04 03:24:17,175 - INFO - 월드컵경기장역 2개 추출
2023-06-04 03:24:17,307 - INFO - 종합운동장역 2개 추출
2023-06-04 03:24:17,428 - INFO - 잠실나루역 2개 추출
2023-06-04 03:24:17,572 - INFO - 미아역
2023-06-04 03:24:17,572 - INFO - string indices must be integers
2023-06-04 03:24:17,684 - INFO - 미아사거리역
2023-06-04 03:24:17,684 - INFO - string indices must be integers
2023-06-04 03:24:17,904 - INFO - 삼성역 11개 추출
2023-06-04 03:24:18,033 - INFO - 반포역 4개 추출
2023-06-04 03:24:18,163 - INFO - 혜화역 19개 추출
