2023-05-26 10:02:31,520 - INFO - 247.jpg DOWNLOAD SUCCESS
2023-05-26 10:02:32,895 - INFO - 267.jpg DOWNLOAD SUCCESS
2023-05-26 10:02:34,114 - INFO - 294.jpg DOWNLOAD SUCCESS
2023-05-26 10:02:35,179 - INFO - 305.jpg DOWNLOAD SUCCESS
2023-05-26 10:02:37,066 - INFO - 315.jpg DOWNLOAD SUCCESS
2023-05-26 10:02:39,130 - INFO - 317.jpg DOWNLOAD SUCCESS
2023-05-26 10:02:40,369 - INFO - 346.jpg DOWNLOAD SUCCESS
2023-05-26 10:02:43,625 - INFO - 389.jpg DOWNLOAD SUCCESS
2023-05-26 10:02:44,434 - INFO - 393.jpg DOWNLOAD SUCCESS
2023-05-26 10:02:44,509 - INFO - 408.jpg DOWNLOAD SUCCESS
2023-05-26 10:02:46,132 - INFO - 413.jpg DOWNLOAD SUCCESS
2023-05-26 10:02:47,656 - INFO - 441.jpg DOWNLOAD SUCCESS
2023-05-26 10:02:48,699 - INFO - 461.jpg DOWNLOAD SUCCESS
2023-05-26 10:02:50,570 - INFO - 482.jpg DOWNLOAD SUCCESS
2023-05-26 10:02:51,944 - INFO - 489.jpg DOWNLOAD SUCCESS
2023-05-26 10:02:52,570 - INFO - 520.jpg DOWNLOAD SUCCESS
2023-05-26 10:02:53,866 - INFO - 524.jpg DOWNLOAD SUCCESS
2023-05-26 10:02:55,266 - INFO - 535.jpg DOWNLOAD SUCCESS
2023-05-26 10:02:57,279 - INFO - 573.jpg DOWNLOAD SUCCESS
2023-05-26 10:02:58,360 - INFO - 574.jpg DOWNLOAD SUCCESS
2023-05-26 10:03:15,510 - INFO - 589.jpg DOWNLOAD FAIL
2023-05-26 10:03:15,510 - INFO - 503 Server Error: Service Unavailable for url: https://mp-seoul-image-production-s3.mangoplate.com/602079_1642757351387334.jpg?fit=around%7C512:512&crop=512:512;*,*&output-format=jpg&output-quality=80
2023-05-26 10:03:15,579 - INFO - 603.jpg DOWNLOAD SUCCESS
2023-05-26 10:03:16,943 - INFO - 625.jpg DOWNLOAD SUCCESS
2023-05-26 10:03:33,588 - INFO - 629.jpg DOWNLOAD FAIL
2023-05-26 10:03:33,589 - INFO - 503 Server Error: Service Unavailable for url: https://mp-seoul-image-production-s3.mangoplate.com/1452683_1572428521639387.jpg?fit=around%7C512:512&crop=512:512;*,*&output-format=jpg&output-quality=80
2023-05-26 10:03:33,684 - INFO - 664.jpg DOWNLOAD SUCCESS
2023-05-26 10:03:35,157 - INFO - 677.jpg DOWNLOAD SUCCESS
2023-05-26 10:03:38,834 - INFO - 741.jpg DOWNLOAD SUCCESS
2023-05-26 10:03:56,038 - INFO - 766.jpg DOWNLOAD FAIL
2023-05-26 10:03:56,038 - INFO - 503 Server Error: Service Unavailable for url: https://mp-seoul-image-production-s3.mangoplate.com/224426/1440124_1672587417554_1000003003?fit=around%7C512:512&crop=512:512;*,*&output-format=jpg&output-quality=80
2023-05-26 10:03:57,809 - INFO - 771.jpg DOWNLOAD SUCCESS
2023-05-26 10:04:00,065 - INFO - 815.jpg DOWNLOAD SUCCESS
2023-05-26 10:04:01,918 - INFO - 860.jpg DOWNLOAD SUCCESS
2023-05-26 10:04:03,274 - INFO - 918.jpg DOWNLOAD SUCCESS
2023-05-26 10:04:04,494 - INFO - 928.jpg DOWNLOAD SUCCESS
2023-05-26 10:04:04,554 - INFO - 970.jpg DOWNLOAD SUCCESS
2023-05-26 10:04:19,988 - INFO - 983.jpg DOWNLOAD FAIL
2023-05-26 10:04:19,988 - INFO - 503 Server Error: Service Unavailable for url: https://mp-seoul-image-production-s3.mangoplate.com/442081_1637327769486351.jpg?fit=around%7C512:512&crop=512:512;*,*&output-format=jpg&output-quality=80
2023-05-26 10:04:20,054 - INFO - 1027.jpg DOWNLOAD SUCCESS
2023-05-26 10:04:20,110 - INFO - 1031.jpg DOWNLOAD SUCCESS
2023-05-26 10:04:22,748 - INFO - 1048.jpg DOWNLOAD SUCCESS
2023-05-26 10:04:24,375 - INFO - 1062.jpg DOWNLOAD SUCCESS
2023-05-26 10:04:25,667 - INFO - 1079.jpg DOWNLOAD SUCCESS
2023-05-26 10:04:42,373 - INFO - 1080.jpg DOWNLOAD FAIL
2023-05-26 10:04:42,373 - INFO - 503 Server Error: Service Unavailable for url: https://mp-seoul-image-production-s3.mangoplate.com/278759/673525_1483255669502_53786?fit=around%7C512:512&crop=512:512;*,*&output-format=jpg&output-quality=80
2023-05-26 10:04:44,221 - INFO - 1098.jpg DOWNLOAD SUCCESS
2023-05-26 10:04:44,966 - INFO - 1117.jpg DOWNLOAD SUCCESS
2023-05-26 10:04:48,338 - INFO - 1126.jpg DOWNLOAD SUCCESS
2023-05-26 10:04:49,485 - INFO - 1212.jpg DOWNLOAD SUCCESS
2023-05-26 10:04:50,774 - INFO - 1217.jpg DOWNLOAD SUCCESS
2023-05-26 10:04:52,206 - INFO - 1249.jpg DOWNLOAD SUCCESS
2023-05-26 10:04:53,282 - INFO - 1266.jpg DOWNLOAD SUCCESS
2023-05-26 10:04:55,228 - INFO - 1277.jpg DOWNLOAD SUCCESS
2023-05-26 10:04:58,622 - INFO - 1292.jpg DOWNLOAD SUCCESS
2023-05-26 10:05:00,059 - INFO - 1304.jpg DOWNLOAD SUCCESS
2023-05-26 10:05:00,118 - INFO - 1329.jpg DOWNLOAD SUCCESS
2023-05-26 10:05:01,214 - INFO - 1341.jpg DOWNLOAD SUCCESS
2023-05-26 10:05:03,019 - INFO - 1373.jpg DOWNLOAD SUCCESS
2023-05-26 10:05:04,577 - INFO - 1379.jpg DOWNLOAD SUCCESS
2023-05-26 10:05:06,043 - INFO - 1411.jpg DOWNLOAD SUCCESS
2023-05-26 10:05:06,908 - INFO - 1439.jpg DOWNLOAD SUCCESS
2023-05-26 10:05:09,528 - INFO - 1465.jpg DOWNLOAD SUCCESS
2023-05-26 10:05:11,026 - INFO - 1470.jpg DOWNLOAD SUCCESS
2023-05-26 10:05:12,236 - INFO - 1480.jpg DOWNLOAD SUCCESS
2023-05-26 10:05:14,141 - INFO - 1486.jpg DOWNLOAD SUCCESS
2023-05-26 10:05:15,626 - INFO - 1510.jpg DOWNLOAD SUCCESS
2023-05-26 10:05:16,893 - INFO - 1540.jpg DOWNLOAD SUCCESS
2023-05-26 10:05:18,125 - INFO - 1558.jpg DOWNLOAD SUCCESS
2023-05-26 10:05:19,356 - INFO - 1561.jpg DOWNLOAD SUCCESS
2023-05-26 10:05:20,416 - INFO - 1621.jpg DOWNLOAD SUCCESS
2023-05-26 10:05:24,631 - INFO - 1666.jpg DOWNLOAD SUCCESS
2023-05-26 10:05:25,465 - INFO - 1681.jpg DOWNLOAD SUCCESS
2023-05-26 10:05:29,319 - INFO - 1846.jpg DOWNLOAD SUCCESS
2023-05-26 10:05:30,261 - INFO - 1868.jpg DOWNLOAD SUCCESS
2023-05-26 10:05:34,547 - INFO - 1882.jpg DOWNLOAD SUCCESS
2023-05-26 10:05:50,942 - INFO - 1902.jpg DOWNLOAD FAIL
2023-05-26 10:05:50,943 - INFO - 503 Server Error: Service Unavailable for url: https://mp-seoul-image-production-s3.mangoplate.com/653082_1629603975501431.jpg?fit=around%7C512:512&crop=512:512;*,*&output-format=jpg&output-quality=80
2023-05-26 10:05:52,451 - INFO - 1921.jpg DOWNLOAD SUCCESS
2023-05-26 10:05:54,230 - INFO - 1924.jpg DOWNLOAD SUCCESS
2023-05-26 10:05:56,035 - INFO - 1944.jpg DOWNLOAD SUCCESS
2023-05-26 10:06:00,179 - INFO - 1959.jpg DOWNLOAD SUCCESS
2023-05-26 10:06:01,547 - INFO - 1968.jpg DOWNLOAD SUCCESS
2023-05-26 10:06:02,893 - INFO - 2028.jpg DOWNLOAD SUCCESS
2023-05-26 10:06:05,545 - INFO - 2031.jpg DOWNLOAD SUCCESS
2023-05-26 10:06:06,222 - INFO - 2044.jpg DOWNLOAD SUCCESS
2023-05-26 10:06:06,870 - INFO - 2067.jpg DOWNLOAD SUCCESS
2023-05-26 10:06:08,362 - INFO - 2072.jpg DOWNLOAD SUCCESS
2023-05-26 10:06:09,635 - INFO - 2093.jpg DOWNLOAD SUCCESS
2023-05-26 10:06:11,540 - INFO - 2105.jpg DOWNLOAD SUCCESS
2023-05-26 10:06:13,305 - INFO - 2118.jpg DOWNLOAD SUCCESS
2023-05-26 10:06:14,620 - INFO - 2155.jpg DOWNLOAD SUCCESS
2023-05-26 10:06:15,721 - INFO - 2167.jpg DOWNLOAD SUCCESS
2023-05-26 10:06:17,011 - INFO - 2176.jpg DOWNLOAD SUCCESS
2023-05-26 10:06:20,780 - INFO - 2178.jpg DOWNLOAD SUCCESS
2023-05-26 10:06:22,360 - INFO - 2179.jpg DOWNLOAD SUCCESS
2023-05-26 10:06:23,497 - INFO - 2180.jpg DOWNLOAD SUCCESS
2023-05-26 10:06:36,084 - INFO - 2182.jpg DOWNLOAD SUCCESS
2023-05-26 10:06:39,849 - INFO - 2242.jpg DOWNLOAD SUCCESS
2023-05-26 10:06:41,086 - INFO - 2256.jpg DOWNLOAD SUCCESS
2023-05-26 10:06:42,846 - INFO - 2286.jpg DOWNLOAD SUCCESS
2023-05-26 10:06:46,079 - INFO - 2297.jpg DOWNLOAD SUCCESS
2023-05-26 10:06:50,607 - INFO - 2327.jpg DOWNLOAD SUCCESS
2023-05-26 10:06:51,519 - INFO - 2341.jpg DOWNLOAD SUCCESS
2023-05-26 10:06:54,066 - INFO - 2342.jpg DOWNLOAD SUCCESS
2023-05-26 10:06:55,602 - INFO - 2362.jpg DOWNLOAD SUCCESS
2023-05-26 10:06:56,996 - INFO - 2365.jpg DOWNLOAD SUCCESS
2023-05-26 10:06:58,137 - INFO - 2454.jpg DOWNLOAD SUCCESS
2023-05-26 10:06:59,951 - INFO - 2468.jpg DOWNLOAD SUCCESS
2023-05-26 10:07:12,228 - INFO - 2476.jpg DOWNLOAD SUCCESS
2023-05-26 10:07:13,646 - INFO - 2498.jpg DOWNLOAD SUCCESS
2023-05-26 10:07:16,101 - INFO - 2500.jpg DOWNLOAD SUCCESS
2023-05-26 10:07:17,284 - INFO - 2507.jpg DOWNLOAD SUCCESS
2023-05-26 10:07:18,741 - INFO - 2509.jpg DOWNLOAD SUCCESS
2023-05-26 10:07:20,203 - INFO - 2520.jpg DOWNLOAD SUCCESS
2023-05-26 10:07:21,463 - INFO - 2538.jpg DOWNLOAD SUCCESS
2023-05-26 10:07:22,357 - INFO - 2576.jpg DOWNLOAD SUCCESS
2023-05-26 10:07:25,016 - INFO - 2592.jpg DOWNLOAD SUCCESS
2023-05-26 10:07:26,825 - INFO - 2593.jpg DOWNLOAD SUCCESS
2023-05-26 10:07:28,140 - INFO - 2600.jpg DOWNLOAD SUCCESS
2023-05-26 10:07:29,997 - INFO - 2605.jpg DOWNLOAD SUCCESS
2023-05-26 10:07:30,873 - INFO - 2624.jpg DOWNLOAD SUCCESS
2023-05-26 10:07:33,820 - INFO - 2667.jpg DOWNLOAD SUCCESS
2023-05-26 10:07:35,850 - INFO - 2689.jpg DOWNLOAD SUCCESS
2023-05-26 10:07:35,913 - INFO - 2730.jpg DOWNLOAD SUCCESS
2023-05-26 10:07:53,143 - INFO - 2758.jpg DOWNLOAD FAIL
2023-05-26 10:07:53,143 - INFO - 503 Server Error: Service Unavailable for url: https://mp-seoul-image-production-s3.mangoplate.com/86431/897636_1634777438284_53473?fit=around%7C512:512&crop=512:512;*,*&output-format=jpg&output-quality=80
2023-05-26 10:07:53,210 - INFO - 2765.jpg DOWNLOAD SUCCESS
2023-05-26 10:07:54,212 - INFO - 2781.jpg DOWNLOAD SUCCESS
2023-05-26 10:07:55,774 - INFO - 2798.jpg DOWNLOAD SUCCESS
2023-05-26 10:07:58,244 - INFO - 2808.jpg DOWNLOAD SUCCESS
2023-05-26 10:07:59,574 - INFO - 2831.jpg DOWNLOAD SUCCESS
2023-05-26 10:08:00,800 - INFO - 2846.jpg DOWNLOAD SUCCESS
2023-05-26 10:08:02,058 - INFO - 2851.jpg DOWNLOAD SUCCESS
2023-05-26 10:08:03,029 - INFO - 2915.jpg DOWNLOAD SUCCESS
2023-05-26 10:08:04,190 - INFO - 2918.jpg DOWNLOAD SUCCESS
2023-05-26 10:08:06,158 - INFO - 2953.jpg DOWNLOAD SUCCESS
2023-05-26 10:08:07,397 - INFO - 2955.jpg DOWNLOAD SUCCESS
2023-05-26 10:08:07,917 - INFO - 2970.jpg DOWNLOAD SUCCESS
2023-05-26 10:08:10,308 - INFO - 2989.jpg DOWNLOAD SUCCESS
2023-05-26 10:08:11,541 - INFO - 3002.jpg DOWNLOAD SUCCESS
2023-05-26 10:08:12,895 - INFO - 3007.jpg DOWNLOAD SUCCESS
2023-05-26 10:08:14,586 - INFO - 3010.jpg DOWNLOAD SUCCESS
2023-05-26 10:08:15,345 - INFO - 3043.jpg DOWNLOAD SUCCESS
2023-05-26 10:08:16,760 - INFO - 3047.jpg DOWNLOAD SUCCESS
2023-05-26 10:08:18,482 - INFO - 3083.jpg DOWNLOAD SUCCESS
2023-05-26 10:08:20,250 - INFO - 3084.jpg DOWNLOAD SUCCESS
2023-05-26 10:08:22,114 - INFO - 3094.jpg DOWNLOAD SUCCESS
2023-05-26 10:08:23,315 - INFO - 3097.jpg DOWNLOAD SUCCESS
2023-05-26 10:08:26,534 - INFO - 3150.jpg DOWNLOAD SUCCESS
2023-05-26 10:08:27,358 - INFO - 3186.jpg DOWNLOAD SUCCESS
2023-05-26 10:08:28,826 - INFO - 3234.jpg DOWNLOAD SUCCESS
2023-05-26 10:08:45,546 - INFO - 3244.jpg DOWNLOAD FAIL
2023-05-26 10:08:45,546 - INFO - 503 Server Error: Service Unavailable for url: https://mp-seoul-image-production-s3.mangoplate.com/409054/908137_1681348888974_1000010031?fit=around%7C512:512&crop=512:512;*,*&output-format=jpg&output-quality=80
2023-05-26 10:08:47,057 - INFO - 3261.jpg DOWNLOAD SUCCESS
2023-05-26 10:08:51,847 - INFO - 3264.jpg DOWNLOAD SUCCESS
2023-05-26 10:08:53,115 - INFO - 3277.jpg DOWNLOAD SUCCESS
2023-05-26 10:09:10,261 - INFO - 3286.jpg DOWNLOAD FAIL
2023-05-26 10:09:10,261 - INFO - 503 Server Error: Service Unavailable for url: https://mp-seoul-image-production-s3.mangoplate.com/50836_1654089243164293.jpg?fit=around%7C512:512&crop=512:512;*,*&output-format=jpg&output-quality=80
2023-05-26 10:09:11,558 - INFO - 3300.jpg DOWNLOAD SUCCESS
2023-05-26 10:09:28,722 - INFO - 3335.jpg DOWNLOAD FAIL
2023-05-26 10:09:28,723 - INFO - 503 Server Error: Service Unavailable for url: https://mp-seoul-image-production-s3.mangoplate.com/488798/1468392_1676694320155_1000003260?fit=around%7C512:512&crop=512:512;*,*&output-format=jpg&output-quality=80
2023-05-26 10:09:29,929 - INFO - 3339.jpg DOWNLOAD SUCCESS
2023-05-26 10:09:30,960 - INFO - 3355.jpg DOWNLOAD SUCCESS
2023-05-26 10:09:32,418 - INFO - 3372.jpg DOWNLOAD SUCCESS
2023-05-26 10:09:33,825 - INFO - 3378.jpg DOWNLOAD SUCCESS
2023-05-26 10:09:34,966 - INFO - 3382.jpg DOWNLOAD SUCCESS
2023-05-26 10:09:36,294 - INFO - 3410.jpg DOWNLOAD SUCCESS
2023-05-26 10:09:37,489 - INFO - 3432.jpg DOWNLOAD SUCCESS
2023-05-26 10:09:38,876 - INFO - 3465.jpg DOWNLOAD SUCCESS
2023-05-26 10:09:40,461 - INFO - 3493.jpg DOWNLOAD SUCCESS
2023-05-26 10:09:57,607 - INFO - 3503.jpg DOWNLOAD FAIL
2023-05-26 10:09:57,607 - INFO - 503 Server Error: Service Unavailable for url: https://mp-seoul-image-production-s3.mangoplate.com/189803/652152_1632109091202_8649?fit=around%7C512:512&crop=512:512;*,*&output-format=jpg&output-quality=80
2023-05-26 10:09:58,978 - INFO - 3506.jpg DOWNLOAD SUCCESS
2023-05-26 10:09:59,899 - INFO - 3517.jpg DOWNLOAD SUCCESS
2023-05-26 10:10:01,050 - INFO - 3542.jpg DOWNLOAD SUCCESS
2023-05-26 10:10:02,414 - INFO - 3549.jpg DOWNLOAD SUCCESS
2023-05-26 10:10:03,427 - INFO - 3558.jpg DOWNLOAD SUCCESS
2023-05-26 10:10:11,197 - INFO - 3564.jpg DOWNLOAD SUCCESS
2023-05-26 10:10:12,627 - INFO - 3607.jpg DOWNLOAD SUCCESS
2023-05-26 10:10:15,426 - INFO - 3612.jpg DOWNLOAD SUCCESS
2023-05-26 10:10:30,999 - INFO - 3634.jpg DOWNLOAD FAIL
2023-05-26 10:10:31,000 - INFO - 503 Server Error: Service Unavailable for url: https://mp-seoul-image-production-s3.mangoplate.com/842440_1671424731900845.jpg?fit=around%7C512:512&crop=512:512;*,*&output-format=jpg&output-quality=80
2023-05-26 10:10:32,388 - INFO - 3640.jpg DOWNLOAD SUCCESS
2023-05-26 10:10:49,567 - INFO - 3666.jpg DOWNLOAD FAIL
2023-05-26 10:10:49,568 - INFO - 503 Server Error: Service Unavailable for url: https://mp-seoul-image-production-s3.mangoplate.com/2252175_1682693044339721.jpg?fit=around%7C512:512&crop=512:512;*,*&output-format=jpg&output-quality=80
2023-05-26 10:10:52,936 - INFO - 3690.jpg DOWNLOAD SUCCESS
2023-05-26 10:10:54,701 - INFO - 3710.jpg DOWNLOAD SUCCESS
2023-05-26 10:10:56,021 - INFO - 3718.jpg DOWNLOAD SUCCESS
2023-05-26 10:10:57,976 - INFO - 3724.jpg DOWNLOAD SUCCESS
2023-05-26 10:10:59,314 - INFO - 3736.jpg DOWNLOAD SUCCESS
2023-05-26 10:11:00,859 - INFO - 3737.jpg DOWNLOAD SUCCESS
2023-05-26 10:11:01,801 - INFO - 3739.jpg DOWNLOAD SUCCESS
2023-05-26 10:11:07,230 - INFO - 3741.jpg DOWNLOAD SUCCESS
2023-05-26 10:11:10,092 - INFO - 3749.jpg DOWNLOAD SUCCESS
2023-05-26 10:11:12,557 - INFO - 3795.jpg DOWNLOAD SUCCESS
2023-05-26 10:11:13,764 - INFO - 3800.jpg DOWNLOAD SUCCESS
2023-05-26 10:11:17,607 - INFO - 3817.jpg DOWNLOAD SUCCESS
2023-05-26 10:11:18,857 - INFO - 3830.jpg DOWNLOAD SUCCESS
2023-05-26 10:11:26,203 - INFO - 3834.jpg DOWNLOAD SUCCESS
2023-05-26 10:11:28,667 - INFO - 3847.jpg DOWNLOAD SUCCESS
2023-05-26 10:11:29,821 - INFO - 3850.jpg DOWNLOAD SUCCESS
2023-05-26 10:11:30,731 - INFO - 3901.jpg DOWNLOAD SUCCESS
2023-05-26 10:11:32,204 - INFO - 3916.jpg DOWNLOAD SUCCESS
2023-05-26 10:11:33,550 - INFO - 3978.jpg DOWNLOAD SUCCESS
2023-05-26 10:11:34,933 - INFO - 3996.jpg DOWNLOAD SUCCESS
2023-05-26 10:11:35,904 - INFO - 3997.jpg DOWNLOAD SUCCESS
2023-05-26 10:11:37,044 - INFO - 4021.jpg DOWNLOAD SUCCESS
2023-05-26 10:11:39,957 - INFO - 4044.jpg DOWNLOAD SUCCESS
2023-05-26 10:11:56,030 - INFO - 4070.jpg DOWNLOAD FAIL
2023-05-26 10:11:56,030 - INFO - 503 Server Error: Service Unavailable for url: https://mp-seoul-image-production-s3.mangoplate.com/1433827_1683449567788105.jpg?fit=around%7C512:512&crop=512:512;*,*&output-format=jpg&output-quality=80
2023-05-26 10:11:56,093 - INFO - 4081.jpg DOWNLOAD SUCCESS
2023-05-26 10:11:59,878 - INFO - 4090.jpg DOWNLOAD SUCCESS
2023-05-26 10:11:59,965 - INFO - 4092.jpg DOWNLOAD SUCCESS
2023-05-26 10:12:15,366 - INFO - 4114.jpg DOWNLOAD FAIL
2023-05-26 10:12:15,366 - INFO - 503 Server Error: Service Unavailable for url: https://mp-seoul-image-production-s3.mangoplate.com/71939_1659274524197868.jpg?fit=around%7C512:512&crop=512:512;*,*&output-format=jpg&output-quality=80
2023-05-26 10:12:16,701 - INFO - 4133.jpg DOWNLOAD SUCCESS
2023-05-26 10:12:33,847 - INFO - 4140.jpg DOWNLOAD FAIL
2023-05-26 10:12:33,847 - INFO - 503 Server Error: Service Unavailable for url: https://mp-seoul-image-production-s3.mangoplate.com/1841276_1684476750288185.jpg?fit=around%7C512:512&crop=512:512;*,*&output-format=jpg&output-quality=80
2023-05-26 10:12:35,984 - INFO - 4168.jpg DOWNLOAD SUCCESS
2023-05-26 10:12:37,610 - INFO - 4200.jpg DOWNLOAD SUCCESS
2023-05-26 10:12:39,623 - INFO - 4213.jpg DOWNLOAD SUCCESS
2023-05-26 10:12:41,139 - INFO - 4232.jpg DOWNLOAD SUCCESS
2023-05-26 10:12:42,717 - INFO - 4243.jpg DOWNLOAD SUCCESS
2023-05-26 10:12:44,352 - INFO - 4291.jpg DOWNLOAD SUCCESS
2023-05-26 10:12:45,564 - INFO - 4377.jpg DOWNLOAD SUCCESS
2023-05-26 10:12:47,291 - INFO - 4380.jpg DOWNLOAD SUCCESS
2023-05-26 10:12:48,714 - INFO - 4387.jpg DOWNLOAD SUCCESS
2023-05-26 10:12:50,383 - INFO - 4393.jpg DOWNLOAD SUCCESS
2023-05-26 10:12:52,542 - INFO - 4405.jpg DOWNLOAD SUCCESS
2023-05-26 10:12:57,596 - INFO - 4423.jpg DOWNLOAD SUCCESS
2023-05-26 10:12:58,671 - INFO - 4481.jpg DOWNLOAD SUCCESS
2023-05-26 10:13:00,653 - INFO - 4499.jpg DOWNLOAD SUCCESS
2023-05-26 10:13:03,502 - INFO - 4519.jpg DOWNLOAD SUCCESS
2023-05-26 10:13:04,633 - INFO - 4553.jpg DOWNLOAD SUCCESS
2023-05-26 10:13:06,482 - INFO - 4576.jpg DOWNLOAD SUCCESS
2023-05-26 10:13:07,768 - INFO - 4674.jpg DOWNLOAD SUCCESS
2023-05-26 10:13:09,331 - INFO - 4693.jpg DOWNLOAD SUCCESS
2023-05-26 10:13:11,294 - INFO - 4710.jpg DOWNLOAD SUCCESS
2023-05-26 10:13:12,515 - INFO - 4712.jpg DOWNLOAD SUCCESS
2023-05-26 10:13:16,083 - INFO - 4713.jpg DOWNLOAD SUCCESS
2023-05-26 10:13:17,367 - INFO - 4723.jpg DOWNLOAD SUCCESS
2023-05-26 10:13:20,409 - INFO - 4744.jpg DOWNLOAD SUCCESS
2023-05-26 10:13:37,601 - INFO - 4771.jpg DOWNLOAD FAIL
2023-05-26 10:13:37,601 - INFO - 503 Server Error: Service Unavailable for url: https://mp-seoul-image-production-s3.mangoplate.com/484036/1774648_1661222158609_4654?fit=around%7C512:512&crop=512:512;*,*&output-format=jpg&output-quality=80
2023-05-26 10:13:40,995 - INFO - 4782.jpg DOWNLOAD SUCCESS
2023-05-26 10:13:42,332 - INFO - 4790.jpg DOWNLOAD SUCCESS
2023-05-26 10:13:46,226 - INFO - 4804.jpg DOWNLOAD SUCCESS
2023-05-26 10:13:48,067 - INFO - 4813.jpg DOWNLOAD SUCCESS
2023-05-26 10:13:48,788 - INFO - 4823.jpg DOWNLOAD SUCCESS
2023-05-26 10:13:50,085 - INFO - 4870.jpg DOWNLOAD SUCCESS
2023-05-26 10:14:05,490 - INFO - 4889.jpg DOWNLOAD FAIL
2023-05-26 10:14:05,490 - INFO - 503 Server Error: Service Unavailable for url: https://mp-seoul-image-production-s3.mangoplate.com/1454700_1615468807020975.jpg?fit=around%7C512:512&crop=512:512;*,*&output-format=jpg&output-quality=80
2023-05-26 10:14:06,678 - INFO - 4909.jpg DOWNLOAD SUCCESS
2023-05-26 10:14:08,607 - INFO - 4940.jpg DOWNLOAD SUCCESS
2023-05-26 10:14:10,493 - INFO - 4957.jpg DOWNLOAD SUCCESS
2023-05-26 10:14:11,835 - INFO - 4966.jpg DOWNLOAD SUCCESS
2023-05-26 10:14:13,301 - INFO - 4989.jpg DOWNLOAD SUCCESS
2023-05-26 10:14:14,533 - INFO - 5048.jpg DOWNLOAD SUCCESS
2023-05-26 10:14:16,908 - INFO - 5071.jpg DOWNLOAD SUCCESS
2023-05-26 10:14:18,052 - INFO - 5074.jpg DOWNLOAD SUCCESS
2023-05-26 10:14:19,401 - INFO - 5116.jpg DOWNLOAD SUCCESS
2023-05-26 10:14:20,959 - INFO - 5132.jpg DOWNLOAD SUCCESS
2023-05-26 10:14:22,316 - INFO - 5155.jpg DOWNLOAD SUCCESS
2023-05-26 10:14:23,879 - INFO - 5168.jpg DOWNLOAD SUCCESS
2023-05-26 10:14:25,501 - INFO - 5192.jpg DOWNLOAD SUCCESS
2023-05-26 10:14:30,924 - INFO - 5216.jpg DOWNLOAD SUCCESS
2023-05-26 10:14:46,800 - INFO - 5262.jpg DOWNLOAD FAIL
2023-05-26 10:14:46,800 - INFO - 503 Server Error: Service Unavailable for url: https://mp-seoul-image-production-s3.mangoplate.com/475831/2136762_1640074707215_46813?fit=around%7C512:512&crop=512:512;*,*&output-format=jpg&output-quality=80
2023-05-26 10:14:50,010 - INFO - 5307.jpg DOWNLOAD SUCCESS
2023-05-26 10:14:51,626 - INFO - 5317.jpg DOWNLOAD SUCCESS
2023-05-26 10:14:53,156 - INFO - 5321.jpg DOWNLOAD SUCCESS
2023-05-26 10:14:54,287 - INFO - 5323.jpg DOWNLOAD SUCCESS
2023-05-26 10:14:56,453 - INFO - 5416.jpg DOWNLOAD SUCCESS
2023-05-26 10:14:57,997 - INFO - 5449.jpg DOWNLOAD SUCCESS
2023-05-26 10:14:59,780 - INFO - 5504.jpg DOWNLOAD SUCCESS
2023-05-26 10:15:01,055 - INFO - 5549.jpg DOWNLOAD SUCCESS
2023-05-26 10:15:17,987 - INFO - 5570.jpg DOWNLOAD FAIL
2023-05-26 10:15:17,987 - INFO - 503 Server Error: Service Unavailable for url: https://mp-seoul-image-production-s3.mangoplate.com/516514/743008_1683956724735_102325?fit=around%7C512:512&crop=512:512;*,*&output-format=jpg&output-quality=80
2023-05-26 10:15:21,522 - INFO - 5615.jpg DOWNLOAD SUCCESS
2023-05-26 10:15:22,661 - INFO - 5653.jpg DOWNLOAD SUCCESS
2023-05-26 10:15:22,755 - INFO - 5655.jpg DOWNLOAD SUCCESS
2023-05-26 10:15:24,007 - INFO - 5668.jpg DOWNLOAD SUCCESS
2023-05-26 10:15:26,737 - INFO - 5681.jpg DOWNLOAD SUCCESS
2023-05-26 10:15:28,130 - INFO - 5733.jpg DOWNLOAD SUCCESS
2023-05-26 10:15:29,521 - INFO - 5814.jpg DOWNLOAD SUCCESS
2023-05-26 10:15:30,502 - INFO - 5851.jpg DOWNLOAD SUCCESS
2023-05-26 10:15:31,358 - INFO - 5856.jpg DOWNLOAD SUCCESS
2023-05-26 10:15:32,288 - INFO - 5880.jpg DOWNLOAD SUCCESS
2023-05-26 10:15:33,375 - INFO - 5892.jpg DOWNLOAD SUCCESS
2023-05-26 10:15:34,870 - INFO - 5911.jpg DOWNLOAD SUCCESS
2023-05-26 10:15:36,456 - INFO - 5944.jpg DOWNLOAD SUCCESS
2023-05-26 10:15:52,544 - INFO - 6017.jpg DOWNLOAD FAIL
2023-05-26 10:15:52,544 - INFO - 503 Server Error: Service Unavailable for url: https://mp-seoul-image-production-s3.mangoplate.com/2243790_1651551045319962.jpg?fit=around%7C512:512&crop=512:512;*,*&output-format=jpg&output-quality=80
2023-05-26 10:15:53,814 - INFO - 6031.jpg DOWNLOAD SUCCESS
2023-05-26 10:16:00,170 - INFO - 6043.jpg DOWNLOAD SUCCESS
2023-05-26 10:16:04,030 - INFO - 6066.jpg DOWNLOAD SUCCESS
2023-05-26 10:16:05,377 - INFO - 6088.jpg DOWNLOAD SUCCESS
2023-05-26 10:16:07,424 - INFO - 6110.jpg DOWNLOAD SUCCESS
2023-05-26 10:16:10,354 - INFO - 6121.jpg DOWNLOAD SUCCESS
2023-05-26 10:16:11,892 - INFO - 6151.jpg DOWNLOAD SUCCESS
2023-05-26 10:16:14,187 - INFO - 6173.jpg DOWNLOAD SUCCESS
2023-05-26 10:16:15,404 - INFO - 6180.jpg DOWNLOAD SUCCESS
2023-05-26 10:16:17,234 - INFO - 6185.jpg DOWNLOAD SUCCESS
2023-05-26 10:16:33,264 - INFO - 6241.jpg DOWNLOAD FAIL
2023-05-26 10:16:33,264 - INFO - 503 Server Error: Service Unavailable for url: https://mp-seoul-image-production-s3.mangoplate.com/211950/268118_1493274917778_2870?fit=around%7C512:512&crop=512:512;*,*&output-format=jpg&output-quality=80
2023-05-26 10:16:34,946 - INFO - 6249.jpg DOWNLOAD SUCCESS
2023-05-26 10:16:38,906 - INFO - 6256.jpg DOWNLOAD SUCCESS
2023-05-26 10:16:56,091 - INFO - 6284.jpg DOWNLOAD FAIL
2023-05-26 10:16:56,091 - INFO - 503 Server Error: Service Unavailable for url: https://mp-seoul-image-production-s3.mangoplate.com/1192464_1673876813304073.jpg?fit=around%7C512:512&crop=512:512;*,*&output-format=jpg&output-quality=80
2023-05-26 10:16:57,509 - INFO - 6298.jpg DOWNLOAD SUCCESS
2023-05-26 10:16:58,843 - INFO - 6299.jpg DOWNLOAD SUCCESS
2023-05-26 10:17:00,040 - INFO - 6303.jpg DOWNLOAD SUCCESS
2023-05-26 10:17:01,169 - INFO - 6308.jpg DOWNLOAD SUCCESS
2023-05-26 10:17:02,553 - INFO - 6311.jpg DOWNLOAD SUCCESS
2023-05-26 10:17:04,100 - INFO - 6328.jpg DOWNLOAD SUCCESS
2023-05-26 10:17:05,650 - INFO - 6331.jpg DOWNLOAD SUCCESS
2023-05-26 10:17:06,620 - INFO - 6345.jpg DOWNLOAD SUCCESS
2023-05-26 10:17:09,673 - INFO - 6358.jpg DOWNLOAD SUCCESS
2023-05-26 10:17:26,829 - INFO - 6372.jpg DOWNLOAD FAIL
2023-05-26 10:17:26,830 - INFO - 503 Server Error: Service Unavailable for url: https://mp-seoul-image-production-s3.mangoplate.com/257386/2434258_1683625574983_1000004222?fit=around%7C512:512&crop=512:512;*,*&output-format=jpg&output-quality=80
2023-05-26 10:17:27,938 - INFO - 6392.jpg DOWNLOAD SUCCESS2023-05-26 10:25:29,781 - INFO - #### Start to Download
2023-05-26 10:25:31,763 - INFO - 1902.jpg DOWNLOAD SUCCESS
2023-05-26 10:25:34,655 - INFO - 4070.jpg DOWNLOAD SUCCESS
